#
# A fatal error has been detected by the Java Runtime Environment:
#
#  EXCEPTION_INT_DIVIDE_BY_ZERO (0xc0000094) at pc=0x000000006e71a421, pid=16296, tid=12988
#
# JRE version: OpenJDK Runtime Environment (17.0.10) (build 17.0.10+0--11572160)
# Java VM: OpenJDK 64-Bit Server VM (17.0.10+0--11572160, mixed mode, tiered, compressed oops, compressed class ptrs, g1 gc, windows-amd64)
# Problematic frame:
# C  [gdx64.dll+0x1a421]
#
# No core dump will be written. Minidumps are not enabled by default on client versions of Windows
#
# If you would like to submit a bug report, please visit:
#   https://bugreport.java.com/bugreport/crash.jsp
# The crash happened outside the Java Virtual Machine in native code.
# See problematic frame for where to report the bug.
#

---------------  S U M M A R Y ------------

Command Line: -DImplementation-Title=com.httplaz.flexarrepixeldungeon -DImplementation-Version=8 -DSpecification-Title=Flexarre Pixel Dungeon -DSpecification-Version=0.0.8-INDEV -Dfile.encoding=UTF-8 -Duser.country=RU -Duser.language=ru -Duser.variant com.shatteredpixel.shatteredpixeldungeon.desktop.DesktopLauncher

Host: AMD Ryzen 7 4800H with Radeon Graphics         , 16 cores, 15G,  Windows 10 , 64 bit Build 19041 (10.0.19041.3636)
Time: Sat May 11 00:09:09 2024  Windows 10 , 64 bit Build 19041 (10.0.19041.3636) elapsed time: 1.652092 seconds (0d 0h 0m 1s)

---------------  T H R E A D  ---------------

Current thread (0x000001f9c87a3880):  JavaThread "main" [_thread_in_native, id=12988, stack(0x0000000e25400000,0x0000000e25500000)]

Stack: [0x0000000e25400000,0x0000000e25500000],  sp=0x0000000e254fec70,  free space=1019k
Native frames: (J=compiled Java code, j=interpreted, Vv=VM code, C=native code)
C  [gdx64.dll+0x1a421]

Java frames: (J=compiled Java code, j=interpreted, Vv=VM code)
j  com.badlogic.gdx.graphics.g2d.Gdx2DPixmap.drawPixmap(JJIIIIIIII)V+0
j  com.badlogic.gdx.graphics.g2d.Gdx2DPixmap.drawPixmap(Lcom/badlogic/gdx/graphics/g2d/Gdx2DPixmap;IIIIIIII)V+22
j  com.badlogic.gdx.graphics.Pixmap.drawPixmap(Lcom/badlogic/gdx/graphics/Pixmap;IIIIIIII)V+22
j  com.watabou.noosa.ui.Cursor.setCustomCursor(Lcom/watabou/noosa/ui/Cursor$Type;I)V+153
j  com.shatteredpixel.shatteredpixeldungeon.scenes.PixelScene.create()V+367
j  com.shatteredpixel.shatteredpixeldungeon.scenes.WelcomeScene.create()V+1
j  com.watabou.noosa.Game.switchScene()V+49
j  com.shatteredpixel.shatteredpixeldungeon.ShatteredPixelDungeon.switchScene()V+1
j  com.watabou.noosa.Game.step()V+33
j  com.watabou.noosa.Game.render()V+102
j  com.badlogic.gdx.backends.lwjgl3.Lwjgl3Window.update()Z+187
j  com.badlogic.gdx.backends.lwjgl3.Lwjgl3Application.loop()V+111
j  com.badlogic.gdx.backends.lwjgl3.Lwjgl3Application.<init>(Lcom/badlogic/gdx/ApplicationListener;Lcom/badlogic/gdx/backends/lwjgl3/Lwjgl3ApplicationConfiguration;)V+269
j  com.shatteredpixel.shatteredpixeldungeon.desktop.DesktopLauncher.main([Ljava/lang/String;)V+676
v  ~StubRoutines::call_stub

siginfo: EXCEPTION_INT_DIVIDE_BY_ZERO (0xc0000094)


Registers:
RAX=0x0000000000080000, RBX=0x000001f9e8a2a520, RCX=0x0000000000000003, RDX=0x0000000000000000
RSP=0x0000000e254fec70, RBP=0x000000006e704fb0, RSI=0x0000000000000008, RDI=0x0000000000000004
R8 =0x0000000000000003, R9 =0x000000006e722310, R10=0x0000000000000000, R11=0x000000006e722070
R12=0x0000000000000000, R13=0x000000006e7050c0, R14=0x000001f9e7e64f60, R15=0x000001f9c87a3880
RIP=0x000000006e71a421, EFLAGS=0x0000000000010216


Register to memory mapping:

RIP=0x000000006e71a421 gdx64.dll
RAX=524288 is a compressed pointer to class: 0x0000000800080000
RBX={method} {0x000001f9e8a2a528} 'drawPixmap' '(JJIIIIIIII)V' in 'com/badlogic/gdx/graphics/g2d/Gdx2DPixmap'
RCX=0x0000000000000003 is an unknown value
RDX=0x0 is NULL
RSP=0x0000000e254fec70 is pointing into the stack for thread: 0x000001f9c87a3880
RBP=0x000000006e704fb0 gdx64.dll
RSI=0x0000000000000008 is an unknown value
RDI=0x0000000000000004 is an unknown value
R8 =0x0000000000000003 is an unknown value
R9 =0x000000006e722310 gdx64.dll
R10=0x0 is NULL
R11=0x000000006e722070 gdx64.dll
R12=0x0 is NULL
R13=0x000000006e7050c0 gdx64.dll
R14=0x000001f9e7e64f60 points into unknown readable memory: 0x0000000200000002 | 02 00 00 00 02 00 00 00
R15=0x000001f9c87a3880 is a thread


Top of Stack: (sp=0x0000000e254fec70)
0x0000000e254fec70:   0000000000000000 0000000000000000
0x0000000e254fec80:   0000000000000000 0000000000000000
0x0000000e254fec90:   0000000000000000 0000000000000000
0x0000000e254feca0:   0000000000000000 0000000e25020000
0x0000000e254fecb0:   0000000e254febc0 0000000000000000
0x0000000e254fecc0:   0000000000000000 000001f9d30ea580
0x0000000e254fecd0:   0000000e00000400 0000000e00000004
0x0000000e254fece0:   00007ffc981867f0 0000000000000004
0x0000000e254fecf0:   0000000000000008 0000000000000000
0x0000000e254fed00:   000000006e7050c0 0000000000000000
0x0000000e254fed10:   0000000000000000 000000000000000d
0x0000000e254fed20:   0000000000000020 0000000000000000
0x0000000e254fed30:   0000000e254ff000 0000000000000000
0x0000000e254fed40:   0000000000000000 0000000000000000
0x0000000e254fed50:   00007ffc981d30c8 000001f9ecc6de80
0x0000000e254fed60:   0000000000000000 0000000000000000
0x0000000e254fed70:   0000000000000000 0000000000000000
0x0000000e254fed80:   0000000000000000 0000000000000000
0x0000000e254fed90:   0000000000000000 0000000000000000
0x0000000e254feda0:   0000000000000000 0000000000000000
0x0000000e254fedb0:   0000000000000000 0000000000000000
0x0000000e254fedc0:   0000000000000000 0000000000000000
0x0000000e254fedd0:   0000000000000000 0000000000000000
0x0000000e254fede0:   0000000000000000 0000000000000000
0x0000000e254fedf0:   0000000000000000 0000000000000000
0x0000000e254fee00:   000001f9e8a2a520 000001f9e8a2a520
0x0000000e254fee10:   0000000000000000 000001f9d30c94fe
0x0000000e254fee20:   0000000e254fef20 0000000000000000
0x0000000e254fee30:   000001f9e8a2a520 0000000e254fef98
0x0000000e254fee40:   000001f9c87a3880 000001f9d30cd621
0x0000000e254fee50:   000001f9e7e64c90 000001f9c87a3880
0x0000000e254fee60:   000001f900000000 000001f900000000 

Instructions: (pc=0x000000006e71a421)
0x000000006e71a321:   8b 84 24 e0 01 00 00 41 8b 56 08 8b 40 08 44 8d
0x000000006e71a331:   42 ff 8d 48 ff 83 fa 06 0f 87 f7 25 00 00 4c 8d
0x000000006e71a341:   1d 2a 7d 00 00 41 89 d2 4f 63 0c 93 4d 01 d9 41
0x000000006e71a351:   ff e1 0f 1f 44 00 00 83 f8 06 0f 87 3b ff ff ff
0x000000006e71a361:   4c 8d 0d 24 7d 00 00 49 63 04 81 4c 01 c8 ff e0
0x000000006e71a371:   0f 1f 80 00 00 00 00 48 8d 05 11 ad fe ff 48 89
0x000000006e71a381:   84 24 80 00 00 00 e9 3b f4 ff ff 0f 1f 40 00 48
0x000000006e71a391:   8d 2d 29 27 ff ff 83 f8 06 0f 87 97 23 00 00 4c
0x000000006e71a3a1:   8d 0d 01 7d 00 00 49 63 04 81 4c 01 c8 ff e0 4c
0x000000006e71a3b1:   8d 2d d9 ac fe ff 48 8d 05 e2 26 ff ff 48 89 84
0x000000006e71a3c1:   24 90 00 00 00 83 f9 05 0f 86 20 23 00 00 c7 44
0x000000006e71a3d1:   24 68 04 00 00 00 48 8d 05 02 80 00 00 42 8b 04
0x000000006e71a3e1:   80 89 44 24 78 48 8b bc 24 e0 01 00 00 8b 44 24
0x000000006e71a3f1:   68 31 d2 41 8b 36 44 8b 94 24 28 02 00 00 0f af
0x000000006e71a401:   07 8b 7c 24 78 0f af f7 89 84 24 b0 00 00 00 8b
0x000000006e71a411:   84 24 00 02 00 00 c1 e0 10 89 b4 24 80 00 00 00
0x000000006e71a421:   f7 b4 24 20 02 00 00 31 d2 83 c0 01 89 84 24 98
0x000000006e71a431:   00 00 00 8b 84 24 08 02 00 00 c1 e0 10 f7 b4 24
0x000000006e71a441:   28 02 00 00 83 c0 01 89 84 24 88 00 00 00 45 85
0x000000006e71a451:   d2 0f 84 bd f2 ff ff 8b 9c 24 18 02 00 00 0f af
0x000000006e71a461:   bc 24 10 02 00 00 c7 44 24 34 00 00 00 00 8b 84
0x000000006e71a471:   24 28 02 00 00 4c 89 ac 24 a8 00 00 00 0f af f3
0x000000006e71a481:   f3 0f 10 35 b3 85 00 00 f3 44 0f 10 05 a6 85 00
0x000000006e71a491:   00 48 89 ac 24 a0 00 00 00 01 d8 89 bc 24 b8 00
0x000000006e71a4a1:   00 00 4c 8b ac 24 e0 01 00 00 89 dd 89 84 24 9c
0x000000006e71a4b1:   00 00 00 89 74 24 38 0f 1f 84 00 00 00 00 00 8b
0x000000006e71a4c1:   44 24 34 c1 e8 10 03 84 24 f8 01 00 00 0f 88 14
0x000000006e71a4d1:   06 00 00 85 ed 0f 88 0c 06 00 00 41 3b 45 04 0f
0x000000006e71a4e1:   83 28 06 00 00 41 39 6e 04 0f 86 1e 06 00 00 44
0x000000006e71a4f1:   8b 8c 24 20 02 00 00 45 85 c9 0f 84 e7 05 00 00
0x000000006e71a501:   89 c7 8b 44 24 38 89 6c 24 60 0f af bc 24 b0 00
0x000000006e71a511:   00 00 c7 44 24 28 00 00 00 00 48 89 44 24 50 8b 


Stack slot to memory mapping:
stack at sp + 0 slots: 0x0 is NULL
stack at sp + 1 slots: 0x0 is NULL
stack at sp + 2 slots: 0x0 is NULL
stack at sp + 3 slots: 0x0 is NULL
stack at sp + 4 slots: 0x0 is NULL
stack at sp + 5 slots: 0x0 is NULL
stack at sp + 6 slots: 0x0 is NULL
stack at sp + 7 slots: 0x0000000e25020000 is an unknown value


---------------  P R O C E S S  ---------------

Threads class SMR info:
_java_thread_list=0x000001f9f31ae180, length=17, elements={
0x000001f9c87a3880, 0x000001f9e792de10, 0x000001f9e792ea90, 0x000001f9e798a170,
0x000001f9e798aa40, 0x000001f9e798b400, 0x000001f9e798bdc0, 0x000001f9e79af330,
0x000001f9e79afd30, 0x000001f9e79b0730, 0x000001f9e7a861b0, 0x000001f9e7b7c790,
0x000001f9e7b939f0, 0x000001f9ec887570, 0x000001f9ec887a90, 0x000001f9ecbf0600,
0x000001f9f3322050
}

Java Threads: ( => current thread )
=>0x000001f9c87a3880 JavaThread "main" [_thread_in_native, id=12988, stack(0x0000000e25400000,0x0000000e25500000)]
  0x000001f9e792de10 JavaThread "Reference Handler" daemon [_thread_blocked, id=3152, stack(0x0000000e25b00000,0x0000000e25c00000)]
  0x000001f9e792ea90 JavaThread "Finalizer" daemon [_thread_blocked, id=12460, stack(0x0000000e25c00000,0x0000000e25d00000)]
  0x000001f9e798a170 JavaThread "Signal Dispatcher" daemon [_thread_blocked, id=6476, stack(0x0000000e25d00000,0x0000000e25e00000)]
  0x000001f9e798aa40 JavaThread "Attach Listener" daemon [_thread_blocked, id=6064, stack(0x0000000e25e00000,0x0000000e25f00000)]
  0x000001f9e798b400 JavaThread "Service Thread" daemon [_thread_blocked, id=3704, stack(0x0000000e25f00000,0x0000000e26000000)]
  0x000001f9e798bdc0 JavaThread "Monitor Deflation Thread" daemon [_thread_blocked, id=2948, stack(0x0000000e26000000,0x0000000e26100000)]
  0x000001f9e79af330 JavaThread "C2 CompilerThread0" daemon [_thread_blocked, id=21232, stack(0x0000000e26100000,0x0000000e26200000)]
  0x000001f9e79afd30 JavaThread "C1 CompilerThread0" daemon [_thread_blocked, id=9768, stack(0x0000000e26200000,0x0000000e26300000)]
  0x000001f9e79b0730 JavaThread "Sweeper thread" daemon [_thread_blocked, id=12556, stack(0x0000000e26300000,0x0000000e26400000)]
  0x000001f9e7a861b0 JavaThread "C1 CompilerThread1" daemon [_thread_blocked, id=12732, stack(0x0000000e26400000,0x0000000e26500000)]
  0x000001f9e7b7c790 JavaThread "Notification Thread" daemon [_thread_blocked, id=17668, stack(0x0000000e26500000,0x0000000e26600000)]
  0x000001f9e7b939f0 JavaThread "Common-Cleaner" daemon [_thread_blocked, id=14316, stack(0x0000000e26700000,0x0000000e26800000)]
  0x000001f9ec887570 JavaThread "C1 CompilerThread2" daemon [_thread_blocked, id=5612, stack(0x0000000e26c00000,0x0000000e26d00000)]
  0x000001f9ec887a90 JavaThread "C1 CompilerThread3" daemon [_thread_blocked, id=9300, stack(0x0000000e26d00000,0x0000000e26e00000)]
  0x000001f9ecbf0600 JavaThread "Thread-0" daemon [_thread_blocked, id=6948, stack(0x0000000e26800000,0x0000000e26900000)]
  0x000001f9f3322050 JavaThread "C2 CompilerThread1" daemon [_thread_blocked, id=17536, stack(0x0000000e27900000,0x0000000e27a00000)]

Other Threads:
  0x000001f9e795ea10 VMThread "VM Thread" [stack: 0x0000000e25a00000,0x0000000e25b00000] [id=5984]
  0x000001f9e7b7ec80 WatcherThread [stack: 0x0000000e26600000,0x0000000e26700000] [id=3064]
  0x000001f9c880db20 GCTaskThread "GC Thread#0" [stack: 0x0000000e25500000,0x0000000e25600000] [id=19484]
  0x000001f9f31fd050 GCTaskThread "GC Thread#1" [stack: 0x0000000e27100000,0x0000000e27200000] [id=13744]
  0x000001f9f315d470 GCTaskThread "GC Thread#2" [stack: 0x0000000e27200000,0x0000000e27300000] [id=15020]
  0x000001f9f315d730 GCTaskThread "GC Thread#3" [stack: 0x0000000e27300000,0x0000000e27400000] [id=15828]
  0x000001f9f31fffe0 GCTaskThread "GC Thread#4" [stack: 0x0000000e27400000,0x0000000e27500000] [id=21476]
  0x000001f9f31af030 GCTaskThread "GC Thread#5" [stack: 0x0000000e27500000,0x0000000e27600000] [id=1352]
  0x000001f9f32c3b70 GCTaskThread "GC Thread#6" [stack: 0x0000000e27600000,0x0000000e27700000] [id=19036]
  0x000001f9f32c3e30 GCTaskThread "GC Thread#7" [stack: 0x0000000e27700000,0x0000000e27800000] [id=12784]
  0x000001f9f32c4d10 GCTaskThread "GC Thread#8" [stack: 0x0000000e27800000,0x0000000e27900000] [id=17044]
  0x000001f9c881f080 ConcurrentGCThread "G1 Main Marker" [stack: 0x0000000e25600000,0x0000000e25700000] [id=5756]
  0x000001f9c881faa0 ConcurrentGCThread "G1 Conc#0" [stack: 0x0000000e25700000,0x0000000e25800000] [id=9416]
  0x000001f9e744da10 ConcurrentGCThread "G1 Refine#0" [stack: 0x0000000e25800000,0x0000000e25900000] [id=14020]
  0x000001f9e7452360 ConcurrentGCThread "G1 Service" [stack: 0x0000000e25900000,0x0000000e25a00000] [id=17428]

Threads with active compile tasks:

VM state: not at safepoint (normal execution)

VM Mutex/Monitor currently owned by a thread: None

Heap address: 0x000000070a000000, size: 3936 MB, Compressed Oops mode: Zero based, Oop shift amount: 3

CDS archive(s) not mapped
Compressed class space mapped at: 0x0000000800000000-0x0000000840000000, reserved size: 1073741824
Narrow klass base: 0x0000000800000000, Narrow klass shift: 0, Narrow klass range: 0x40000000

GC Precious Log:
 CPUs: 16 total, 16 available
 Memory: 15741M
 Large Page Support: Disabled
 NUMA Support: Disabled
 Compressed Oops: Enabled (Zero based)
 Heap Region Size: 2M
 Heap Min Capacity: 8M
 Heap Initial Capacity: 246M
 Heap Max Capacity: 3936M
 Pre-touch: Disabled
 Parallel Workers: 13
 Concurrent Workers: 3
 Concurrent Refinement Workers: 13
 Periodic GC: Disabled

Heap:
 garbage-first heap   total 251904K, used 9107K [0x000000070a000000, 0x0000000800000000)
  region size 2048K, 6 young (12288K), 2 survivors (4096K)
 Metaspace       used 13859K, committed 14016K, reserved 1114112K
  class space    used 1175K, committed 1280K, reserved 1048576K

Heap Regions: E=young(eden), S=young(survivor), O=old, HS=humongous(starts), HC=humongous(continues), CS=collection set, F=free, OA=open archive, CA=closed archive, TAMS=top-at-mark-start (previous, next)
|   0|0x000000070a000000, 0x000000070a000000, 0x000000070a200000|  0%| F|  |TAMS 0x000000070a000000, 0x000000070a000000| Untracked 
|   1|0x000000070a200000, 0x000000070a200000, 0x000000070a400000|  0%| F|  |TAMS 0x000000070a200000, 0x000000070a200000| Untracked 
|   2|0x000000070a400000, 0x000000070a400000, 0x000000070a600000|  0%| F|  |TAMS 0x000000070a400000, 0x000000070a400000| Untracked 
|   3|0x000000070a600000, 0x000000070a600000, 0x000000070a800000|  0%| F|  |TAMS 0x000000070a600000, 0x000000070a600000| Untracked 
|   4|0x000000070a800000, 0x000000070a800000, 0x000000070aa00000|  0%| F|  |TAMS 0x000000070a800000, 0x000000070a800000| Untracked 
|   5|0x000000070aa00000, 0x000000070aa00000, 0x000000070ac00000|  0%| F|  |TAMS 0x000000070aa00000, 0x000000070aa00000| Untracked 
|   6|0x000000070ac00000, 0x000000070ac00000, 0x000000070ae00000|  0%| F|  |TAMS 0x000000070ac00000, 0x000000070ac00000| Untracked 
|   7|0x000000070ae00000, 0x000000070ae00000, 0x000000070b000000|  0%| F|  |TAMS 0x000000070ae00000, 0x000000070ae00000| Untracked 
|   8|0x000000070b000000, 0x000000070b000000, 0x000000070b200000|  0%| F|  |TAMS 0x000000070b000000, 0x000000070b000000| Untracked 
|   9|0x000000070b200000, 0x000000070b200000, 0x000000070b400000|  0%| F|  |TAMS 0x000000070b200000, 0x000000070b200000| Untracked 
|  10|0x000000070b400000, 0x000000070b400000, 0x000000070b600000|  0%| F|  |TAMS 0x000000070b400000, 0x000000070b400000| Untracked 
|  11|0x000000070b600000, 0x000000070b600000, 0x000000070b800000|  0%| F|  |TAMS 0x000000070b600000, 0x000000070b600000| Untracked 
|  12|0x000000070b800000, 0x000000070b800000, 0x000000070ba00000|  0%| F|  |TAMS 0x000000070b800000, 0x000000070b800000| Untracked 
|  13|0x000000070ba00000, 0x000000070ba00000, 0x000000070bc00000|  0%| F|  |TAMS 0x000000070ba00000, 0x000000070ba00000| Untracked 
|  14|0x000000070bc00000, 0x000000070bc00000, 0x000000070be00000|  0%| F|  |TAMS 0x000000070bc00000, 0x000000070bc00000| Untracked 
|  15|0x000000070be00000, 0x000000070be00000, 0x000000070c000000|  0%| F|  |TAMS 0x000000070be00000, 0x000000070be00000| Untracked 
|  16|0x000000070c000000, 0x000000070c000000, 0x000000070c200000|  0%| F|  |TAMS 0x000000070c000000, 0x000000070c000000| Untracked 
|  17|0x000000070c200000, 0x000000070c200000, 0x000000070c400000|  0%| F|  |TAMS 0x000000070c200000, 0x000000070c200000| Untracked 
|  18|0x000000070c400000, 0x000000070c400000, 0x000000070c600000|  0%| F|  |TAMS 0x000000070c400000, 0x000000070c400000| Untracked 
|  19|0x000000070c600000, 0x000000070c600000, 0x000000070c800000|  0%| F|  |TAMS 0x000000070c600000, 0x000000070c600000| Untracked 
|  20|0x000000070c800000, 0x000000070c800000, 0x000000070ca00000|  0%| F|  |TAMS 0x000000070c800000, 0x000000070c800000| Untracked 
|  21|0x000000070ca00000, 0x000000070ca00000, 0x000000070cc00000|  0%| F|  |TAMS 0x000000070ca00000, 0x000000070ca00000| Untracked 
|  22|0x000000070cc00000, 0x000000070cc00000, 0x000000070ce00000|  0%| F|  |TAMS 0x000000070cc00000, 0x000000070cc00000| Untracked 
|  23|0x000000070ce00000, 0x000000070ce00000, 0x000000070d000000|  0%| F|  |TAMS 0x000000070ce00000, 0x000000070ce00000| Untracked 
|  24|0x000000070d000000, 0x000000070d000000, 0x000000070d200000|  0%| F|  |TAMS 0x000000070d000000, 0x000000070d000000| Untracked 
|  25|0x000000070d200000, 0x000000070d200000, 0x000000070d400000|  0%| F|  |TAMS 0x000000070d200000, 0x000000070d200000| Untracked 
|  26|0x000000070d400000, 0x000000070d400000, 0x000000070d600000|  0%| F|  |TAMS 0x000000070d400000, 0x000000070d400000| Untracked 
|  27|0x000000070d600000, 0x000000070d600000, 0x000000070d800000|  0%| F|  |TAMS 0x000000070d600000, 0x000000070d600000| Untracked 
|  28|0x000000070d800000, 0x000000070d800000, 0x000000070da00000|  0%| F|  |TAMS 0x000000070d800000, 0x000000070d800000| Untracked 
|  29|0x000000070da00000, 0x000000070da00000, 0x000000070dc00000|  0%| F|  |TAMS 0x000000070da00000, 0x000000070da00000| Untracked 
|  30|0x000000070dc00000, 0x000000070dc00000, 0x000000070de00000|  0%| F|  |TAMS 0x000000070dc00000, 0x000000070dc00000| Untracked 
|  31|0x000000070de00000, 0x000000070de00000, 0x000000070e000000|  0%| F|  |TAMS 0x000000070de00000, 0x000000070de00000| Untracked 
|  32|0x000000070e000000, 0x000000070e000000, 0x000000070e200000|  0%| F|  |TAMS 0x000000070e000000, 0x000000070e000000| Untracked 
|  33|0x000000070e200000, 0x000000070e200000, 0x000000070e400000|  0%| F|  |TAMS 0x000000070e200000, 0x000000070e200000| Untracked 
|  34|0x000000070e400000, 0x000000070e400000, 0x000000070e600000|  0%| F|  |TAMS 0x000000070e400000, 0x000000070e400000| Untracked 
|  35|0x000000070e600000, 0x000000070e600000, 0x000000070e800000|  0%| F|  |TAMS 0x000000070e600000, 0x000000070e600000| Untracked 
|  36|0x000000070e800000, 0x000000070e800000, 0x000000070ea00000|  0%| F|  |TAMS 0x000000070e800000, 0x000000070e800000| Untracked 
|  37|0x000000070ea00000, 0x000000070ea00000, 0x000000070ec00000|  0%| F|  |TAMS 0x000000070ea00000, 0x000000070ea00000| Untracked 
|  38|0x000000070ec00000, 0x000000070ec00000, 0x000000070ee00000|  0%| F|  |TAMS 0x000000070ec00000, 0x000000070ec00000| Untracked 
|  39|0x000000070ee00000, 0x000000070ee00000, 0x000000070f000000|  0%| F|  |TAMS 0x000000070ee00000, 0x000000070ee00000| Untracked 
|  40|0x000000070f000000, 0x000000070f000000, 0x000000070f200000|  0%| F|  |TAMS 0x000000070f000000, 0x000000070f000000| Untracked 
|  41|0x000000070f200000, 0x000000070f200000, 0x000000070f400000|  0%| F|  |TAMS 0x000000070f200000, 0x000000070f200000| Untracked 
|  42|0x000000070f400000, 0x000000070f400000, 0x000000070f600000|  0%| F|  |TAMS 0x000000070f400000, 0x000000070f400000| Untracked 
|  43|0x000000070f600000, 0x000000070f600000, 0x000000070f800000|  0%| F|  |TAMS 0x000000070f600000, 0x000000070f600000| Untracked 
|  44|0x000000070f800000, 0x000000070f800000, 0x000000070fa00000|  0%| F|  |TAMS 0x000000070f800000, 0x000000070f800000| Untracked 
|  45|0x000000070fa00000, 0x000000070fa00000, 0x000000070fc00000|  0%| F|  |TAMS 0x000000070fa00000, 0x000000070fa00000| Untracked 
|  46|0x000000070fc00000, 0x000000070fc00000, 0x000000070fe00000|  0%| F|  |TAMS 0x000000070fc00000, 0x000000070fc00000| Untracked 
|  47|0x000000070fe00000, 0x000000070fe00000, 0x0000000710000000|  0%| F|  |TAMS 0x000000070fe00000, 0x000000070fe00000| Untracked 
|  48|0x0000000710000000, 0x0000000710000000, 0x0000000710200000|  0%| F|  |TAMS 0x0000000710000000, 0x0000000710000000| Untracked 
|  49|0x0000000710200000, 0x0000000710200000, 0x0000000710400000|  0%| F|  |TAMS 0x0000000710200000, 0x0000000710200000| Untracked 
|  50|0x0000000710400000, 0x0000000710400000, 0x0000000710600000|  0%| F|  |TAMS 0x0000000710400000, 0x0000000710400000| Untracked 
|  51|0x0000000710600000, 0x0000000710600000, 0x0000000710800000|  0%| F|  |TAMS 0x0000000710600000, 0x0000000710600000| Untracked 
|  52|0x0000000710800000, 0x0000000710800000, 0x0000000710a00000|  0%| F|  |TAMS 0x0000000710800000, 0x0000000710800000| Untracked 
|  53|0x0000000710a00000, 0x0000000710a00000, 0x0000000710c00000|  0%| F|  |TAMS 0x0000000710a00000, 0x0000000710a00000| Untracked 
|  54|0x0000000710c00000, 0x0000000710c00000, 0x0000000710e00000|  0%| F|  |TAMS 0x0000000710c00000, 0x0000000710c00000| Untracked 
|  55|0x0000000710e00000, 0x0000000710e00000, 0x0000000711000000|  0%| F|  |TAMS 0x0000000710e00000, 0x0000000710e00000| Untracked 
|  56|0x0000000711000000, 0x0000000711000000, 0x0000000711200000|  0%| F|  |TAMS 0x0000000711000000, 0x0000000711000000| Untracked 
|  57|0x0000000711200000, 0x0000000711200000, 0x0000000711400000|  0%| F|  |TAMS 0x0000000711200000, 0x0000000711200000| Untracked 
|  58|0x0000000711400000, 0x0000000711400000, 0x0000000711600000|  0%| F|  |TAMS 0x0000000711400000, 0x0000000711400000| Untracked 
|  59|0x0000000711600000, 0x0000000711600000, 0x0000000711800000|  0%| F|  |TAMS 0x0000000711600000, 0x0000000711600000| Untracked 
|  60|0x0000000711800000, 0x0000000711800000, 0x0000000711a00000|  0%| F|  |TAMS 0x0000000711800000, 0x0000000711800000| Untracked 
|  61|0x0000000711a00000, 0x0000000711a00000, 0x0000000711c00000|  0%| F|  |TAMS 0x0000000711a00000, 0x0000000711a00000| Untracked 
|  62|0x0000000711c00000, 0x0000000711c00000, 0x0000000711e00000|  0%| F|  |TAMS 0x0000000711c00000, 0x0000000711c00000| Untracked 
|  63|0x0000000711e00000, 0x0000000711e00000, 0x0000000712000000|  0%| F|  |TAMS 0x0000000711e00000, 0x0000000711e00000| Untracked 
|  64|0x0000000712000000, 0x0000000712000000, 0x0000000712200000|  0%| F|  |TAMS 0x0000000712000000, 0x0000000712000000| Untracked 
|  65|0x0000000712200000, 0x0000000712200000, 0x0000000712400000|  0%| F|  |TAMS 0x0000000712200000, 0x0000000712200000| Untracked 
|  66|0x0000000712400000, 0x0000000712400000, 0x0000000712600000|  0%| F|  |TAMS 0x0000000712400000, 0x0000000712400000| Untracked 
|  67|0x0000000712600000, 0x0000000712600000, 0x0000000712800000|  0%| F|  |TAMS 0x0000000712600000, 0x0000000712600000| Untracked 
|  68|0x0000000712800000, 0x0000000712800000, 0x0000000712a00000|  0%| F|  |TAMS 0x0000000712800000, 0x0000000712800000| Untracked 
|  69|0x0000000712a00000, 0x0000000712a00000, 0x0000000712c00000|  0%| F|  |TAMS 0x0000000712a00000, 0x0000000712a00000| Untracked 
|  70|0x0000000712c00000, 0x0000000712c00000, 0x0000000712e00000|  0%| F|  |TAMS 0x0000000712c00000, 0x0000000712c00000| Untracked 
|  71|0x0000000712e00000, 0x0000000712e00000, 0x0000000713000000|  0%| F|  |TAMS 0x0000000712e00000, 0x0000000712e00000| Untracked 
|  72|0x0000000713000000, 0x0000000713000000, 0x0000000713200000|  0%| F|  |TAMS 0x0000000713000000, 0x0000000713000000| Untracked 
|  73|0x0000000713200000, 0x0000000713200000, 0x0000000713400000|  0%| F|  |TAMS 0x0000000713200000, 0x0000000713200000| Untracked 
|  74|0x0000000713400000, 0x0000000713400000, 0x0000000713600000|  0%| F|  |TAMS 0x0000000713400000, 0x0000000713400000| Untracked 
|  75|0x0000000713600000, 0x0000000713600000, 0x0000000713800000|  0%| F|  |TAMS 0x0000000713600000, 0x0000000713600000| Untracked 
|  76|0x0000000713800000, 0x0000000713800000, 0x0000000713a00000|  0%| F|  |TAMS 0x0000000713800000, 0x0000000713800000| Untracked 
|  77|0x0000000713a00000, 0x0000000713a00000, 0x0000000713c00000|  0%| F|  |TAMS 0x0000000713a00000, 0x0000000713a00000| Untracked 
|  78|0x0000000713c00000, 0x0000000713c00000, 0x0000000713e00000|  0%| F|  |TAMS 0x0000000713c00000, 0x0000000713c00000| Untracked 
|  79|0x0000000713e00000, 0x0000000713e00000, 0x0000000714000000|  0%| F|  |TAMS 0x0000000713e00000, 0x0000000713e00000| Untracked 
|  80|0x0000000714000000, 0x0000000714000000, 0x0000000714200000|  0%| F|  |TAMS 0x0000000714000000, 0x0000000714000000| Untracked 
|  81|0x0000000714200000, 0x0000000714200000, 0x0000000714400000|  0%| F|  |TAMS 0x0000000714200000, 0x0000000714200000| Untracked 
|  82|0x0000000714400000, 0x0000000714400000, 0x0000000714600000|  0%| F|  |TAMS 0x0000000714400000, 0x0000000714400000| Untracked 
|  83|0x0000000714600000, 0x0000000714600000, 0x0000000714800000|  0%| F|  |TAMS 0x0000000714600000, 0x0000000714600000| Untracked 
|  84|0x0000000714800000, 0x0000000714800000, 0x0000000714a00000|  0%| F|  |TAMS 0x0000000714800000, 0x0000000714800000| Untracked 
|  85|0x0000000714a00000, 0x0000000714a00000, 0x0000000714c00000|  0%| F|  |TAMS 0x0000000714a00000, 0x0000000714a00000| Untracked 
|  86|0x0000000714c00000, 0x0000000714c00000, 0x0000000714e00000|  0%| F|  |TAMS 0x0000000714c00000, 0x0000000714c00000| Untracked 
|  87|0x0000000714e00000, 0x0000000714e00000, 0x0000000715000000|  0%| F|  |TAMS 0x0000000714e00000, 0x0000000714e00000| Untracked 
|  88|0x0000000715000000, 0x0000000715000000, 0x0000000715200000|  0%| F|  |TAMS 0x0000000715000000, 0x0000000715000000| Untracked 
|  89|0x0000000715200000, 0x0000000715200000, 0x0000000715400000|  0%| F|  |TAMS 0x0000000715200000, 0x0000000715200000| Untracked 
|  90|0x0000000715400000, 0x0000000715400000, 0x0000000715600000|  0%| F|  |TAMS 0x0000000715400000, 0x0000000715400000| Untracked 
|  91|0x0000000715600000, 0x0000000715600000, 0x0000000715800000|  0%| F|  |TAMS 0x0000000715600000, 0x0000000715600000| Untracked 
|  92|0x0000000715800000, 0x0000000715800000, 0x0000000715a00000|  0%| F|  |TAMS 0x0000000715800000, 0x0000000715800000| Untracked 
|  93|0x0000000715a00000, 0x0000000715a00000, 0x0000000715c00000|  0%| F|  |TAMS 0x0000000715a00000, 0x0000000715a00000| Untracked 
|  94|0x0000000715c00000, 0x0000000715c00000, 0x0000000715e00000|  0%| F|  |TAMS 0x0000000715c00000, 0x0000000715c00000| Untracked 
|  95|0x0000000715e00000, 0x0000000715e00000, 0x0000000716000000|  0%| F|  |TAMS 0x0000000715e00000, 0x0000000715e00000| Untracked 
|  96|0x0000000716000000, 0x0000000716000000, 0x0000000716200000|  0%| F|  |TAMS 0x0000000716000000, 0x0000000716000000| Untracked 
|  97|0x0000000716200000, 0x0000000716200000, 0x0000000716400000|  0%| F|  |TAMS 0x0000000716200000, 0x0000000716200000| Untracked 
|  98|0x0000000716400000, 0x0000000716400000, 0x0000000716600000|  0%| F|  |TAMS 0x0000000716400000, 0x0000000716400000| Untracked 
|  99|0x0000000716600000, 0x0000000716600000, 0x0000000716800000|  0%| F|  |TAMS 0x0000000716600000, 0x0000000716600000| Untracked 
| 100|0x0000000716800000, 0x0000000716800000, 0x0000000716a00000|  0%| F|  |TAMS 0x0000000716800000, 0x0000000716800000| Untracked 
| 101|0x0000000716a00000, 0x0000000716a00000, 0x0000000716c00000|  0%| F|  |TAMS 0x0000000716a00000, 0x0000000716a00000| Untracked 
| 102|0x0000000716c00000, 0x0000000716c00000, 0x0000000716e00000|  0%| F|  |TAMS 0x0000000716c00000, 0x0000000716c00000| Untracked 
| 103|0x0000000716e00000, 0x0000000716e00000, 0x0000000717000000|  0%| F|  |TAMS 0x0000000716e00000, 0x0000000716e00000| Untracked 
| 104|0x0000000717000000, 0x0000000717000000, 0x0000000717200000|  0%| F|  |TAMS 0x0000000717000000, 0x0000000717000000| Untracked 
| 105|0x0000000717200000, 0x0000000717200000, 0x0000000717400000|  0%| F|  |TAMS 0x0000000717200000, 0x0000000717200000| Untracked 
| 106|0x0000000717400000, 0x0000000717400000, 0x0000000717600000|  0%| F|  |TAMS 0x0000000717400000, 0x0000000717400000| Untracked 
| 107|0x0000000717600000, 0x0000000717600000, 0x0000000717800000|  0%| F|  |TAMS 0x0000000717600000, 0x0000000717600000| Untracked 
| 108|0x0000000717800000, 0x0000000717800000, 0x0000000717a00000|  0%| F|  |TAMS 0x0000000717800000, 0x0000000717800000| Untracked 
| 109|0x0000000717a00000, 0x0000000717a00000, 0x0000000717c00000|  0%| F|  |TAMS 0x0000000717a00000, 0x0000000717a00000| Untracked 
| 110|0x0000000717c00000, 0x0000000717ce4c98, 0x0000000717e00000| 44%| S|CS|TAMS 0x0000000717c00000, 0x0000000717c00000| Complete 
| 111|0x0000000717e00000, 0x0000000718000000, 0x0000000718000000|100%| S|CS|TAMS 0x0000000717e00000, 0x0000000717e00000| Complete 
| 112|0x0000000718000000, 0x0000000718000000, 0x0000000718200000|  0%| F|  |TAMS 0x0000000718000000, 0x0000000718000000| Untracked 
| 113|0x0000000718200000, 0x0000000718200000, 0x0000000718400000|  0%| F|  |TAMS 0x0000000718200000, 0x0000000718200000| Untracked 
| 114|0x0000000718400000, 0x0000000718400000, 0x0000000718600000|  0%| F|  |TAMS 0x0000000718400000, 0x0000000718400000| Untracked 
| 115|0x0000000718600000, 0x0000000718600000, 0x0000000718800000|  0%| F|  |TAMS 0x0000000718600000, 0x0000000718600000| Untracked 
| 116|0x0000000718800000, 0x0000000718800000, 0x0000000718a00000|  0%| F|  |TAMS 0x0000000718800000, 0x0000000718800000| Untracked 
| 117|0x0000000718a00000, 0x0000000718a00000, 0x0000000718c00000|  0%| F|  |TAMS 0x0000000718a00000, 0x0000000718a00000| Untracked 
| 118|0x0000000718c00000, 0x0000000718c00000, 0x0000000718e00000|  0%| F|  |TAMS 0x0000000718c00000, 0x0000000718c00000| Untracked 
| 119|0x0000000718e00000, 0x0000000718f4a8f8, 0x0000000719000000| 64%| E|  |TAMS 0x0000000718e00000, 0x0000000718e00000| Complete 
| 120|0x0000000719000000, 0x0000000719200000, 0x0000000719200000|100%| E|CS|TAMS 0x0000000719000000, 0x0000000719000000| Complete 
| 121|0x0000000719200000, 0x0000000719400000, 0x0000000719400000|100%| E|CS|TAMS 0x0000000719200000, 0x0000000719200000| Complete 
| 122|0x0000000719400000, 0x0000000719600000, 0x0000000719600000|100%| E|CS|TAMS 0x0000000719400000, 0x0000000719400000| Complete 

Card table byte_map: [0x000001f9dbcb0000,0x000001f9dc460000] _byte_map_base: 0x000001f9d8460000

Marking Bits (Prev, Next): (CMBitMap*) 0x000001f9c880e140, (CMBitMap*) 0x000001f9c880e180
 Prev Bits: [0x000001f9dcc10000, 0x000001f9e0990000)
 Next Bits: [0x000001f9e0990000, 0x000001f9e4710000)

Polling page: 0x000001f9c7f50000

Metaspace:

Usage:
  Non-class:     12.39 MB used.
      Class:      1.15 MB used.
       Both:     13.54 MB used.

Virtual space:
  Non-class space:       64.00 MB reserved,      12.44 MB ( 19%) committed,  1 nodes.
      Class space:        1.00 GB reserved,       1.25 MB ( <1%) committed,  1 nodes.
             Both:        1.06 GB reserved,      13.69 MB (  1%) committed. 

Chunk freelists:
   Non-Class:  3.45 MB
       Class:  14.59 MB
        Both:  18.05 MB

MaxMetaspaceSize: unlimited
CompressedClassSpaceSize: 1.00 GB
Initial GC threshold: 21.00 MB
Current GC threshold: 21.00 MB
CDS: off
MetaspaceReclaimPolicy: balanced
 - commit_granule_bytes: 65536.
 - commit_granule_words: 8192.
 - virtual_space_node_default_size: 8388608.
 - enlarge_chunks_in_place: 1.
 - new_chunks_are_fully_committed: 0.
 - uncommit_free_chunks: 1.
 - use_allocation_guard: 0.
 - handle_deallocations: 1.


Internal statistics:

num_allocs_failed_limit: 0.
num_arena_births: 68.
num_arena_deaths: 0.
num_vsnodes_births: 2.
num_vsnodes_deaths: 0.
num_space_committed: 217.
num_space_uncommitted: 0.
num_chunks_returned_to_freelist: 0.
num_chunks_taken_from_freelist: 283.
num_chunk_merges: 0.
num_chunk_splits: 195.
num_chunks_enlarged: 154.
num_inconsistent_stats: 0.

CodeHeap 'non-profiled nmethods': size=119168Kb used=399Kb max_used=399Kb free=118768Kb
 bounds [0x000001f9d3810000, 0x000001f9d3a80000, 0x000001f9dac70000]
CodeHeap 'profiled nmethods': size=119104Kb used=2034Kb max_used=2034Kb free=117069Kb
 bounds [0x000001f9cbc70000, 0x000001f9cbee0000, 0x000001f9d30c0000]
CodeHeap 'non-nmethods': size=7488Kb used=3319Kb max_used=3348Kb free=4168Kb
 bounds [0x000001f9d30c0000, 0x000001f9d3410000, 0x000001f9d3810000]
 total_blobs=2150 nmethods=1080 adapters=980
 compilation: enabled
              stopped_count=0, restarted_count=0
 full_count=0

Compilation events (20 events):
Event: 1.603 Thread 0x000001f9ec887a90 nmethod 1071 0x000001f9cbe65010 code [0x000001f9cbe651c0, 0x000001f9cbe653c8]
Event: 1.603 Thread 0x000001f9ec887a90 1073       3       java.io.BufferedInputStream::getInIfOpen (21 bytes)
Event: 1.603 Thread 0x000001f9ec887570 nmethod 1072 0x000001f9cbe65510 code [0x000001f9cbe656c0, 0x000001f9cbe658c8]
Event: 1.604 Thread 0x000001f9e7a861b0 nmethod 1069 0x000001f9cbe65a10 code [0x000001f9cbe65c40, 0x000001f9cbe66518]
Event: 1.604 Thread 0x000001f9ec887570 1074       3       com.badlogic.gdx.utils.BufferUtils::copy (27 bytes)
Event: 1.604 Thread 0x000001f9e7a861b0 1075       3       com.badlogic.gdx.utils.BufferUtils::bytesToElements (113 bytes)
Event: 1.604 Thread 0x000001f9ec887570 nmethod 1074 0x000001f9cbe66790 code [0x000001f9cbe66960, 0x000001f9cbe66bf8]
Event: 1.604 Thread 0x000001f9e79afd30 nmethod 1070 0x000001f9cbe66d90 code [0x000001f9cbe66fe0, 0x000001f9cbe678f8]
Event: 1.604 Thread 0x000001f9ec887570 1076       3       com.badlogic.gdx.utils.BufferUtils::positionInBytes (134 bytes)
Event: 1.604 Thread 0x000001f9ec887a90 nmethod 1073 0x000001f9cbe67b90 code [0x000001f9cbe67d40, 0x000001f9cbe67f48]
Event: 1.604 Thread 0x000001f9ec887a90 1078       3       java.io.FileInputStream::read (8 bytes)
Event: 1.604 Thread 0x000001f9ec887a90 nmethod 1078 0x000001f9cbe68010 code [0x000001f9cbe681a0, 0x000001f9cbe682e8]
Event: 1.604 Thread 0x000001f9e7a861b0 nmethod 1075 0x000001f9cbe68390 code [0x000001f9cbe68680, 0x000001f9cbe69998]
Event: 1.605 Thread 0x000001f9ec887570 nmethod 1076 0x000001f9cbe69d90 code [0x000001f9cbe6a0a0, 0x000001f9cbe6b498]
Event: 1.605 Thread 0x000001f9e7a861b0 1079       3       java.io.BufferedInputStream::fill (203 bytes)
Event: 1.606 Thread 0x000001f9e7a861b0 nmethod 1079 0x000001f9cbe6b910 code [0x000001f9cbe6bb80, 0x000001f9cbe6c7e8]
Event: 1.611 Thread 0x000001f9f3322050 1080       4       java.lang.String::replace (42 bytes)
Event: 1.625 Thread 0x000001f9f3322050 nmethod 1080 0x000001f9d386d310 code [0x000001f9d386d4a0, 0x000001f9d386daf8]
Event: 1.625 Thread 0x000001f9f3322050 1081       4       java.lang.CharacterData::of (136 bytes)
Event: 1.625 Thread 0x000001f9f3322050 nmethod 1081 0x000001f9d386de90 code [0x000001f9d386e000, 0x000001f9d386e078]

GC Heap History (2 events):
Event: 1.480 GC heap before
{Heap before GC invocations=0 (full 0):
 garbage-first heap   total 251904K, used 20480K [0x000000070a000000, 0x0000000800000000)
  region size 2048K, 11 young (22528K), 0 survivors (0K)
 Metaspace       used 12818K, committed 12928K, reserved 1114112K
  class space    used 1056K, committed 1088K, reserved 1048576K
}
Event: 1.484 GC heap after
{Heap after GC invocations=1 (full 0):
 garbage-first heap   total 251904K, used 2963K [0x000000070a000000, 0x0000000800000000)
  region size 2048K, 2 young (4096K), 2 survivors (4096K)
 Metaspace       used 12818K, committed 12928K, reserved 1114112K
  class space    used 1056K, committed 1088K, reserved 1048576K
}

Dll operation events (1 events):
Event: 0.006 Loaded shared library D:\Android\Android Studio\jbr\bin\java.dll

Deoptimization events (20 events):
Event: 1.575 Thread 0x000001f9c87a3880 DEOPT PACKING pc=0x000001f9cbe4f0fe sp=0x0000000e254fe030
Event: 1.575 Thread 0x000001f9c87a3880 DEOPT UNPACKING pc=0x000001f9d3117143 sp=0x0000000e254fd4a0 mode 0
Event: 1.575 Thread 0x000001f9c87a3880 DEOPT PACKING pc=0x000001f9cbe4f0fe sp=0x0000000e254fe030
Event: 1.575 Thread 0x000001f9c87a3880 DEOPT UNPACKING pc=0x000001f9d3117143 sp=0x0000000e254fd4a0 mode 0
Event: 1.576 Thread 0x000001f9c87a3880 DEOPT PACKING pc=0x000001f9cbe4f0fe sp=0x0000000e254fe030
Event: 1.576 Thread 0x000001f9c87a3880 DEOPT UNPACKING pc=0x000001f9d3117143 sp=0x0000000e254fd4a0 mode 0
Event: 1.576 Thread 0x000001f9c87a3880 DEOPT PACKING pc=0x000001f9cbe4f0fe sp=0x0000000e254fe030
Event: 1.576 Thread 0x000001f9c87a3880 DEOPT UNPACKING pc=0x000001f9d3117143 sp=0x0000000e254fd4a0 mode 0
Event: 1.599 Thread 0x000001f9c87a3880 Uncommon trap: trap_request=0xffffff45 fr.pc=0x000001f9d383d9d0 relative=0x00000000000004b0
Event: 1.599 Thread 0x000001f9c87a3880 Uncommon trap: reason=unstable_if action=reinterpret pc=0x000001f9d383d9d0 method=java.lang.AbstractStringBuilder.putStringAt(ILjava/lang/String;II)V @ 8 c2
Event: 1.599 Thread 0x000001f9c87a3880 DEOPT PACKING pc=0x000001f9d383d9d0 sp=0x0000000e254fe340
Event: 1.599 Thread 0x000001f9c87a3880 DEOPT UNPACKING pc=0x000001f9d31169a3 sp=0x0000000e254fe1d8 mode 2
Event: 1.599 Thread 0x000001f9c87a3880 Uncommon trap: trap_request=0xffffff45 fr.pc=0x000001f9d38308bc relative=0x000000000000049c
Event: 1.599 Thread 0x000001f9c87a3880 Uncommon trap: reason=unstable_if action=reinterpret pc=0x000001f9d38308bc method=java.lang.AbstractStringBuilder.putStringAt(ILjava/lang/String;II)V @ 8 c2
Event: 1.599 Thread 0x000001f9c87a3880 DEOPT PACKING pc=0x000001f9d38308bc sp=0x0000000e254fe2e0
Event: 1.599 Thread 0x000001f9c87a3880 DEOPT UNPACKING pc=0x000001f9d31169a3 sp=0x0000000e254fe1d0 mode 2
Event: 1.599 Thread 0x000001f9c87a3880 Uncommon trap: trap_request=0xffffff45 fr.pc=0x000001f9d381915c relative=0x000000000000005c
Event: 1.599 Thread 0x000001f9c87a3880 Uncommon trap: reason=unstable_if action=reinterpret pc=0x000001f9d381915c method=java.lang.AbstractStringBuilder.isLatin1()Z @ 10 c2
Event: 1.599 Thread 0x000001f9c87a3880 DEOPT PACKING pc=0x000001f9d381915c sp=0x0000000e254fe170
Event: 1.599 Thread 0x000001f9c87a3880 DEOPT UNPACKING pc=0x000001f9d31169a3 sp=0x0000000e254fe100 mode 2

Classes unloaded (0 events):
No events

Classes redefined (0 events):
No events

Internal exceptions (20 events):
Event: 0.481 Thread 0x000001f9c87a3880 Exception <a 'java/lang/NoSuchMethodError'{0x0000000718a91c40}: 'int java.lang.invoke.DirectMethodHandle$Holder.invokeStaticInit(java.lang.Object, java.lang.Object, int, long)'> (0x0000000718a91c40) 
thrown [s\src\hotspot\share\interpreter\linkResolver.cpp, line 771]
Event: 0.482 Thread 0x000001f9c87a3880 Exception <a 'java/lang/NoSuchMethodError'{0x0000000718a975f8}: 'java.lang.Object java.lang.invoke.DirectMethodHandle$Holder.newInvokeSpecial(java.lang.Object, java.lang.Object, int)'> (0x0000000718a975f8) 
thrown [s\src\hotspot\share\interpreter\linkResolver.cpp, line 771]
Event: 0.485 Thread 0x000001f9c87a3880 Exception <a 'java/lang/NoSuchMethodError'{0x0000000718aacc28}: 'int java.lang.invoke.DirectMethodHandle$Holder.invokeStaticInit(java.lang.Object, java.lang.Object, long, long)'> (0x0000000718aacc28) 
thrown [s\src\hotspot\share\interpreter\linkResolver.cpp, line 771]
Event: 0.485 Thread 0x000001f9c87a3880 Exception <a 'java/lang/NoSuchMethodError'{0x0000000718ab2d38}: 'java.lang.Object java.lang.invoke.DirectMethodHandle$Holder.newInvokeSpecial(java.lang.Object, java.lang.Object, long)'> (0x0000000718ab2d38) 
thrown [s\src\hotspot\share\interpreter\linkResolver.cpp, line 771]
Event: 0.486 Thread 0x000001f9c87a3880 Exception <a 'java/lang/NoSuchMethodError'{0x0000000718ab6d80}: 'java.lang.Object java.lang.invoke.Invokers$Holder.linkToTargetMethod(java.lang.Object, long, java.lang.Object)'> (0x0000000718ab6d80) 
thrown [s\src\hotspot\share\interpreter\linkResolver.cpp, line 771]
Event: 0.487 Thread 0x000001f9c87a3880 Exception <a 'java/lang/NoSuchMethodError'{0x0000000718abe498}: 'int java.lang.invoke.DirectMethodHandle$Holder.invokeStaticInit(java.lang.Object, java.lang.Object, java.lang.Object, long)'> (0x0000000718abe498) 
thrown [s\src\hotspot\share\interpreter\linkResolver.cpp, line 771]
Event: 0.509 Thread 0x000001f9c87a3880 Exception <a 'sun/nio/fs/WindowsException'{0x0000000718b7e878}> (0x0000000718b7e878) 
thrown [s\src\hotspot\share\prims\jni.cpp, line 517]
Event: 0.509 Thread 0x000001f9c87a3880 Exception <a 'sun/nio/fs/WindowsException'{0x0000000718b7ec00}> (0x0000000718b7ec00) 
thrown [s\src\hotspot\share\prims\jni.cpp, line 517]
Event: 0.539 Thread 0x000001f9c87a3880 Exception <a 'sun/nio/fs/WindowsException'{0x000000071884bf58}> (0x000000071884bf58) 
thrown [s\src\hotspot\share\prims\jni.cpp, line 517]
Event: 0.539 Thread 0x000001f9c87a3880 Exception <a 'sun/nio/fs/WindowsException'{0x000000071884c2b0}> (0x000000071884c2b0) 
thrown [s\src\hotspot\share\prims\jni.cpp, line 517]
Event: 0.584 Thread 0x000001f9c87a3880 Exception <a 'sun/nio/fs/WindowsException'{0x00000007188eef90}> (0x00000007188eef90) 
thrown [s\src\hotspot\share\prims\jni.cpp, line 517]
Event: 0.584 Thread 0x000001f9c87a3880 Exception <a 'sun/nio/fs/WindowsException'{0x00000007188ef300}> (0x00000007188ef300) 
thrown [s\src\hotspot\share\prims\jni.cpp, line 517]
Event: 0.898 Thread 0x000001f9c87a3880 Exception <a 'java/lang/NoSuchMethodError'{0x0000000718944b48}: 'java.lang.Object java.lang.invoke.DirectMethodHandle$Holder.newInvokeSpecial(java.lang.Object, long)'> (0x0000000718944b48) 
thrown [s\src\hotspot\share\interpreter\linkResolver.cpp, line 771]
Event: 1.226 Thread 0x000001f9c87a3880 Exception <a 'java/lang/NoSuchMethodError'{0x00000007187ccb70}: 'void java.lang.invoke.DirectMethodHandle$Holder.invokeStatic(java.lang.Object, long)'> (0x00000007187ccb70) 
thrown [s\src\hotspot\share\interpreter\linkResolver.cpp, line 771]
Event: 1.237 Thread 0x000001f9c87a3880 Exception <a 'sun/nio/fs/WindowsException'{0x0000000718404ae0}> (0x0000000718404ae0) 
thrown [s\src\hotspot\share\prims\jni.cpp, line 517]
Event: 1.238 Thread 0x000001f9c87a3880 Exception <a 'sun/nio/fs/WindowsException'{0x0000000718404e70}> (0x0000000718404e70) 
thrown [s\src\hotspot\share\prims\jni.cpp, line 517]
Event: 1.242 Thread 0x000001f9c87a3880 Exception <a 'sun/nio/fs/WindowsException'{0x0000000718413cf8}> (0x0000000718413cf8) 
thrown [s\src\hotspot\share\prims\jni.cpp, line 517]
Event: 1.242 Thread 0x000001f9c87a3880 Exception <a 'sun/nio/fs/WindowsException'{0x0000000718413fc8}> (0x0000000718413fc8) 
thrown [s\src\hotspot\share\prims\jni.cpp, line 517]
Event: 1.599 Thread 0x000001f9c87a3880 Exception <a 'java/io/FileNotFoundException'{0x0000000718e85db8}> (0x0000000718e85db8) 
thrown [s\src\hotspot\share\prims\jni.cpp, line 517]
Event: 1.602 Thread 0x000001f9c87a3880 Exception <a 'java/io/FileNotFoundException'{0x0000000718e93620}> (0x0000000718e93620) 
thrown [s\src\hotspot\share\prims\jni.cpp, line 517]

VM Operations (12 events):
Event: 0.177 Executing VM operation: HandshakeAllThreads
Event: 0.177 Executing VM operation: HandshakeAllThreads done
Event: 0.351 Executing VM operation: HandshakeAllThreads
Event: 0.352 Executing VM operation: HandshakeAllThreads done
Event: 0.390 Executing VM operation: HandshakeAllThreads
Event: 0.390 Executing VM operation: HandshakeAllThreads done
Event: 0.439 Executing VM operation: HandshakeAllThreads
Event: 0.439 Executing VM operation: HandshakeAllThreads done
Event: 1.450 Executing VM operation: Cleanup
Event: 1.450 Executing VM operation: Cleanup done
Event: 1.480 Executing VM operation: G1CollectForAllocation
Event: 1.484 Executing VM operation: G1CollectForAllocation done

Events (20 events):
Event: 1.474 loading class java/util/regex/Pattern$BnM
Event: 1.474 loading class java/util/regex/Pattern$BnM done
Event: 1.538 loading class java/lang/Character$CharacterCache
Event: 1.538 loading class java/lang/Character$CharacterCache done
Event: 1.539 loading class java/util/IllegalFormatException
Event: 1.539 loading class java/util/IllegalFormatException done
Event: 1.542 loading class java/util/MissingResourceException
Event: 1.542 loading class java/util/MissingResourceException done
Event: 1.543 loading class java/lang/NegativeArraySizeException
Event: 1.543 loading class java/lang/NegativeArraySizeException done
Event: 1.543 loading class java/lang/StringIndexOutOfBoundsException
Event: 1.543 loading class java/lang/StringIndexOutOfBoundsException done
Event: 1.548 Thread 0x000001f9f3322050 Thread added: 0x000001f9f3322050
Event: 1.567 loading class java/text/MessageFormat
Event: 1.567 loading class java/text/Format
Event: 1.568 loading class java/text/Format done
Event: 1.568 loading class java/text/MessageFormat done
Event: 1.598 Loaded shared library C:\Users\User\AppData\Local\Temp\libgdxUser\5980c506\gdx-freetype64.dll
Event: 1.599 loading class java/nio/channels/FileChannel$MapMode
Event: 1.599 loading class java/nio/channels/FileChannel$MapMode done


Dynamic libraries:
0x00007ff6ba6f0000 - 0x00007ff6ba6fa000 	D:\Android\Android Studio\jbr\bin\java.exe
0x00007ffcccb10000 - 0x00007ffcccd08000 	C:\WINDOWS\SYSTEM32\ntdll.dll
0x00007ffccac40000 - 0x00007ffccacfd000 	C:\WINDOWS\System32\KERNEL32.DLL
0x00007ffcca450000 - 0x00007ffcca746000 	C:\WINDOWS\System32\KERNELBASE.dll
0x00007ffcca750000 - 0x00007ffcca850000 	C:\WINDOWS\System32\ucrtbase.dll
0x00007ffcb8c40000 - 0x00007ffcb8c5b000 	D:\Android\Android Studio\jbr\bin\VCRUNTIME140.dll
0x00007ffcbfef0000 - 0x00007ffcbff07000 	D:\Android\Android Studio\jbr\bin\jli.dll
0x00007ffccc190000 - 0x00007ffccc32f000 	C:\WINDOWS\System32\USER32.dll
0x00007ffcb71f0000 - 0x00007ffcb748a000 	C:\WINDOWS\WinSxS\amd64_microsoft.windows.common-controls_6595b64144ccf1df_6.0.19041.3636_none_60b6a03d71f818d5\COMCTL32.dll
0x00007ffcca1c0000 - 0x00007ffcca1e2000 	C:\WINDOWS\System32\win32u.dll
0x00007ffccb5d0000 - 0x00007ffccb66e000 	C:\WINDOWS\System32\msvcrt.dll
0x00007ffccab40000 - 0x00007ffccab6b000 	C:\WINDOWS\System32\GDI32.dll
0x00007ffcca980000 - 0x00007ffccaa97000 	C:\WINDOWS\System32\gdi32full.dll
0x00007ffccaaa0000 - 0x00007ffccab3d000 	C:\WINDOWS\System32\msvcp_win.dll
0x00007ffccbe10000 - 0x00007ffccbe42000 	C:\WINDOWS\System32\IMM32.DLL
0x00007ffcc6000000 - 0x00007ffcc600c000 	D:\Android\Android Studio\jbr\bin\vcruntime140_1.dll
0x00007ffca8110000 - 0x00007ffca819d000 	D:\Android\Android Studio\jbr\bin\msvcp140.dll
0x00007ffc97860000 - 0x00007ffc984e3000 	D:\Android\Android Studio\jbr\bin\server\jvm.dll
0x00007ffccae80000 - 0x00007ffccaf30000 	C:\WINDOWS\System32\ADVAPI32.dll
0x00007ffccade0000 - 0x00007ffccae80000 	C:\WINDOWS\System32\sechost.dll
0x00007ffccaf90000 - 0x00007ffccb0b3000 	C:\WINDOWS\System32\RPCRT4.dll
0x00007ffcca900000 - 0x00007ffcca927000 	C:\WINDOWS\System32\bcrypt.dll
0x00007ffcbd0d0000 - 0x00007ffcbd0f7000 	C:\WINDOWS\SYSTEM32\WINMM.dll
0x00007ffcc96c0000 - 0x00007ffcc970b000 	C:\WINDOWS\SYSTEM32\POWRPROF.dll
0x00007ffcb04f0000 - 0x00007ffcb04f9000 	C:\WINDOWS\SYSTEM32\WSOCK32.dll
0x00007ffcc2270000 - 0x00007ffcc227a000 	C:\WINDOWS\SYSTEM32\VERSION.dll
0x00007ffccc000000 - 0x00007ffccc06b000 	C:\WINDOWS\System32\WS2_32.dll
0x00007ffcc9580000 - 0x00007ffcc9592000 	C:\WINDOWS\SYSTEM32\UMPDC.dll
0x00007ffcc7ff0000 - 0x00007ffcc8002000 	C:\WINDOWS\SYSTEM32\kernel.appcore.dll
0x00007ffcc5f40000 - 0x00007ffcc5f4a000 	D:\Android\Android Studio\jbr\bin\jimage.dll
0x00007ffcc0bc0000 - 0x00007ffcc0da4000 	C:\WINDOWS\SYSTEM32\DBGHELP.DLL
0x00007ffcb7be0000 - 0x00007ffcb7c14000 	C:\WINDOWS\SYSTEM32\dbgcore.DLL
0x00007ffcca3c0000 - 0x00007ffcca442000 	C:\WINDOWS\System32\bcryptPrimitives.dll
0x00007ffcc3d40000 - 0x00007ffcc3d65000 	D:\Android\Android Studio\jbr\bin\java.dll
0x00007ffcc4c00000 - 0x00007ffcc4c18000 	D:\Android\Android Studio\jbr\bin\zip.dll
0x00007ffccb6a0000 - 0x00007ffccbe0b000 	C:\WINDOWS\System32\SHELL32.dll
0x00007ffcc81f0000 - 0x00007ffcc898e000 	C:\WINDOWS\SYSTEM32\windows.storage.dll
0x00007ffccb0c0000 - 0x00007ffccb413000 	C:\WINDOWS\System32\combase.dll
0x00007ffcc9b10000 - 0x00007ffcc9b3e000 	C:\WINDOWS\SYSTEM32\Wldp.dll
0x00007ffccab70000 - 0x00007ffccac3d000 	C:\WINDOWS\System32\OLEAUT32.dll
0x00007ffccb520000 - 0x00007ffccb5cd000 	C:\WINDOWS\System32\SHCORE.dll
0x00007ffccc600000 - 0x00007ffccc655000 	C:\WINDOWS\System32\shlwapi.dll
0x00007ffcca0f0000 - 0x00007ffcca113000 	C:\WINDOWS\SYSTEM32\profapi.dll
0x00007ffcc4bd0000 - 0x00007ffcc4be9000 	D:\Android\Android Studio\jbr\bin\net.dll
0x00007ffcc37e0000 - 0x00007ffcc38ea000 	C:\WINDOWS\SYSTEM32\WINHTTP.dll
0x00007ffcc98f0000 - 0x00007ffcc995a000 	C:\WINDOWS\system32\mswsock.dll
0x00007ffcc3d20000 - 0x00007ffcc3d36000 	D:\Android\Android Studio\jbr\bin\nio.dll
0x000000006e700000 - 0x000000006e72d000 	C:\Users\User\AppData\Local\Temp\libgdxUser\2a9d7f76\gdx64.dll
0x00007ffca81f0000 - 0x00007ffca826b000 	C:\Users\User\AppData\Local\Temp\lwjgl_User\3.3.3+5\x64\lwjgl.dll
0x00007ffc99730000 - 0x00007ffc999a0000 	C:\Users\User\AppData\Local\Temp\lwjgl_User\3.3.3+5\x64\jemalloc.dll
0x00007ffca8020000 - 0x00007ffca80a2000 	C:\Users\User\AppData\Local\Temp\lwjgl_User\3.3.3+5\x64\glfw.dll
0x00007ffcaabe0000 - 0x00007ffcaac25000 	C:\WINDOWS\SYSTEM32\dinput8.dll
0x00007ffcc4c20000 - 0x00007ffcc4c31000 	C:\WINDOWS\SYSTEM32\xinput1_4.dll
0x00007ffcca930000 - 0x00007ffcca97e000 	C:\WINDOWS\System32\cfgmgr32.dll
0x00007ffcc9f50000 - 0x00007ffcc9f83000 	C:\WINDOWS\SYSTEM32\DEVOBJ.dll
0x00007ffcc7d00000 - 0x00007ffcc7d2f000 	C:\WINDOWS\SYSTEM32\dwmapi.dll
0x00007ffcb0180000 - 0x00007ffcb02d2000 	C:\WINDOWS\SYSTEM32\inputhost.dll
0x00007ffcc5120000 - 0x00007ffcc5216000 	C:\WINDOWS\SYSTEM32\PROPSYS.dll
0x00007ffcc7840000 - 0x00007ffcc7932000 	C:\WINDOWS\SYSTEM32\CoreMessaging.dll
0x00007ffcc6e10000 - 0x00007ffcc6f67000 	C:\WINDOWS\SYSTEM32\wintypes.dll
0x00007ffcc74e0000 - 0x00007ffcc783b000 	C:\WINDOWS\SYSTEM32\CoreUIComponents.dll
0x00007ffcc92e0000 - 0x00007ffcc9313000 	C:\WINDOWS\SYSTEM32\ntmarta.dll
0x00007ffcc7b20000 - 0x00007ffcc7bbe000 	C:\WINDOWS\system32\uxtheme.dll
0x00007ffccc070000 - 0x00007ffccc185000 	C:\WINDOWS\System32\MSCTF.dll
0x00007ffc99560000 - 0x00007ffc99727000 	C:\Users\User\AppData\Local\Temp\lwjgl_User\3.3.3+5\x64\OpenAL.dll
0x00007ffccc390000 - 0x00007ffccc4bb000 	C:\WINDOWS\System32\ole32.dll
0x00007ffccc4d0000 - 0x00007ffccc579000 	C:\WINDOWS\System32\clbcatq.dll
0x00007ffcc4280000 - 0x00007ffcc4305000 	C:\WINDOWS\System32\MMDevApi.dll
0x00007ffcc3ef0000 - 0x00007ffcc4072000 	C:\WINDOWS\SYSTEM32\AUDIOSES.DLL
0x00007ffcc7c00000 - 0x00007ffcc7c14000 	C:\WINDOWS\SYSTEM32\resourcepolicyclient.dll
0x00007ffc78490000 - 0x00007ffc785b5000 	C:\WINDOWS\SYSTEM32\opengl32.dll
0x00007ffc78390000 - 0x00007ffc783bc000 	C:\WINDOWS\SYSTEM32\GLU32.dll
0x00007ffcc27c0000 - 0x00007ffcc28c3000 	C:\Windows\System32\AppXDeploymentClient.dll
0x00007ffcbfa00000 - 0x00007ffcbfa2a000 	C:\WINDOWS\System32\DriverStore\FileRepository\u0361612.inf_amd64_b679e02f70413f9f\B361368\atig6pxx.dll
0x00007ffc8f4c0000 - 0x00007ffc921a6000 	C:\WINDOWS\System32\DriverStore\FileRepository\u0361612.inf_amd64_b679e02f70413f9f\B361368\atio6axx.dll
0x00007ffccc660000 - 0x00007ffcccace000 	C:\WINDOWS\System32\SETUPAPI.dll
0x00007ffc9c5e0000 - 0x00007ffc9c604000 	C:\WINDOWS\SYSTEM32\dxva2.dll
0x00007ffca8f90000 - 0x00007ffca8fcc000 	C:\WINDOWS\System32\DriverStore\FileRepository\u0361612.inf_amd64_b679e02f70413f9f\B361368\atig6txx.dll
0x00007ffc993a0000 - 0x00007ffc99559000 	C:\WINDOWS\SYSTEM32\atiadlxx.dll
0x00007ffccc4c0000 - 0x00007ffccc4c8000 	C:\WINDOWS\System32\PSAPI.DLL
0x00007ffcca350000 - 0x00007ffcca3b7000 	C:\WINDOWS\System32\WINTRUST.dll
0x00007ffcca1f0000 - 0x00007ffcca34e000 	C:\WINDOWS\System32\CRYPT32.dll
0x00007ffcc9d80000 - 0x00007ffcc9d92000 	C:\WINDOWS\SYSTEM32\MSASN1.dll
0x00007ffcbd9f0000 - 0x00007ffcbda2b000 	C:\WINDOWS\SYSTEM32\dxcore.dll
0x00007ffcc52c0000 - 0x00007ffcc536e000 	C:\WINDOWS\SYSTEM32\mscms.dll
0x00007ffcca0b0000 - 0x00007ffcca0de000 	C:\WINDOWS\SYSTEM32\USERENV.dll
0x00007ffcc50f0000 - 0x00007ffcc5101000 	C:\WINDOWS\SYSTEM32\ColorAdapterClient.dll
0x00007ffca81a0000 - 0x00007ffca81e3000 	C:\WINDOWS\SYSTEM32\icm32.dll
0x00007ffca3530000 - 0x00007ffca358e000 	C:\Users\User\AppData\Local\Temp\lwjgl_User\3.3.3+5\x64\lwjgl_opengl.dll
0x00007ffcba6d0000 - 0x00007ffcba7c9000 	C:\WINDOWS\SYSTEM32\textinputframework.dll
0x000000006d390000 - 0x000000006d4b1000 	C:\Users\User\AppData\Local\Temp\libgdxUser\b5b3abf1\jamepad64.dll
0x00007ffcc8990000 - 0x00007ffcc899d000 	C:\WINDOWS\SYSTEM32\HID.DLL
0x000000006a340000 - 0x000000006a3f4000 	C:\Users\User\AppData\Local\Temp\libgdxUser\5980c506\gdx-freetype64.dll

dbghelp: loaded successfully - version: 4.0.5 - missing functions: none
symbol engine: initialized successfully - sym options: 0x614 - pdb path: .;D:\Android\Android Studio\jbr\bin;C:\WINDOWS\SYSTEM32;C:\WINDOWS\WinSxS\amd64_microsoft.windows.common-controls_6595b64144ccf1df_6.0.19041.3636_none_60b6a03d71f818d5;D:\Android\Android Studio\jbr\bin\server;C:\Users\User\AppData\Local\Temp\libgdxUser\2a9d7f76;C:\Users\User\AppData\Local\Temp\lwjgl_User\3.3.3+5\x64;C:\WINDOWS\System32\DriverStore\FileRepository\u0361612.inf_amd64_b679e02f70413f9f\B361368;C:\Users\User\AppData\Local\Temp\libgdxUser\b5b3abf1;C:\Users\User\AppData\Local\Temp\libgdxUser\5980c506

VM Arguments:
jvm_args: -DImplementation-Title=com.httplaz.flexarrepixeldungeon -DImplementation-Version=8 -DSpecification-Title=Flexarre Pixel Dungeon -DSpecification-Version=0.0.8-INDEV -Dfile.encoding=UTF-8 -Duser.country=RU -Duser.language=ru -Duser.variant 
java_command: com.shatteredpixel.shatteredpixeldungeon.desktop.DesktopLauncher
java_class_path (initial): D:\fpdTest\flexarre-pixel-dungeon\desktop\build\classes\java\main;D:\fpdTest\flexarre-pixel-dungeon\desktop\build\resources\main;D:\fpdTest\flexarre-pixel-dungeon\core\build\libs\core-0.0.8.jar;D:\fpdTest\flexarre-pixel-dungeon\services\updates\githubUpdates\build\libs\githubUpdates-0.0.8.jar;D:\fpdTest\flexarre-pixel-dungeon\services\news\shatteredNews\build\libs\shatteredNews-0.0.8.jar;D:\fpdTest\flexarre-pixel-dungeon\SPD-classes\build\libs\SPD-classes-0.0.8.jar;C:\Users\User\.gradle\caches\modules-2\files-2.1\com.badlogicgames.gdx\gdx-freetype\1.12.1\d5826997b0cfa595a72889610fadb18405056c1c\gdx-freetype-1.12.1.jar;C:\Users\User\.gradle\caches\modules-2\files-2.1\com.badlogicgames.gdx\gdx-backend-lwjgl3\1.12.1\12a144cacb34f0392cd8354f798d99e4836a51a8\gdx-backend-lwjgl3-1.12.1.jar;C:\Users\User\.gradle\caches\modules-2\files-2.1\com.badlogicgames.gdx\gdx-platform\1.12.1\5737be5ce3a4e8f9f77c2d9ab95ab479f9c3705f\gdx-platform-1.12.1-natives-desktop.jar;C:\Users\User\.gradle\caches\modules-2\files-2.1\com.badlogicgames.gdx\gdx-freetype-platform\1.12.1\a32f9ecca13ae01370d9649e48a30201080d4c18\gdx-freetype-platform-1.12.1-natives-desktop.jar;C:\Users\User\.gradle\caches\modules-2\files-2.1\com.badlogicgames.gdx-controllers\gdx-controllers-desktop\2.2.4-SNAPSHOT\ab9ca077f0cc953fd2993f13e6add9ac39f035c5\gdx-controllers-desktop-2.2.4-SNAPSHOT.jar;C:\Users\User\.gradle\caches\modules-2\files-2.1\org.lwjgl\lwjgl-tinyfd\3.3.3\82d755ca94b102e9ca77283b9e2dc46d1b15fbe5\lwjgl-tinyfd-3.3.3.jar;C:\Users\User\.gradle\caches\modules-2\files-2.1\org.lwjgl\lwjgl-tinyfd\3.3.3\a6697981b0449a5087c1d546fc08b4f73e8f98c9\lwjgl-tinyfd-3.3.3-natives-windows.jar;C:\Users\User\.gradle\caches\modules-2\files-2.1\org.lwjgl\lwjgl-tinyfd\3.3.3\6598081e346a03038a8be68eb2de614a1c2eac68\lwjgl-tinyfd-3.3.3-natives-macos.jar;C:\Users\User\.gradle\caches\modules-2\files-2.1\org.lwjgl\lwjgl-tinyfd\3.3.3\406feedb977372085a61eb0fee358183f4f4c67a\lwjgl-tinyfd-3.3.3-natives-macos-a
Launcher Type: SUN_STANDARD

[Global flags]
     intx CICompilerCount                          = 12                                        {product} {ergonomic}
     uint ConcGCThreads                            = 3                                         {product} {ergonomic}
     uint G1ConcRefinementThreads                  = 13                                        {product} {ergonomic}
   size_t G1HeapRegionSize                         = 2097152                                   {product} {ergonomic}
    uintx GCDrainStackTargetSize                   = 64                                        {product} {ergonomic}
   size_t InitialHeapSize                          = 257949696                                 {product} {ergonomic}
   size_t MarkStackSize                            = 4194304                                   {product} {ergonomic}
   size_t MaxHeapSize                              = 4127195136                                {product} {ergonomic}
   size_t MaxNewSize                               = 2474639360                                {product} {ergonomic}
   size_t MinHeapDeltaBytes                        = 2097152                                   {product} {ergonomic}
   size_t MinHeapSize                              = 8388608                                   {product} {ergonomic}
    uintx NonNMethodCodeHeapSize                   = 7602480                                {pd product} {ergonomic}
    uintx NonProfiledCodeHeapSize                  = 122027880                              {pd product} {ergonomic}
    uintx ProfiledCodeHeapSize                     = 122027880                              {pd product} {ergonomic}
    uintx ReservedCodeCacheSize                    = 251658240                              {pd product} {ergonomic}
     bool SegmentedCodeCache                       = true                                      {product} {ergonomic}
   size_t SoftMaxHeapSize                          = 4127195136                             {manageable} {ergonomic}
     bool UseCompressedClassPointers               = true                           {product lp64_product} {ergonomic}
     bool UseCompressedOops                        = true                           {product lp64_product} {ergonomic}
     bool UseG1GC                                  = true                                      {product} {ergonomic}
     bool UseLargePagesIndividualAllocation        = false                                  {pd product} {ergonomic}

Logging:
Log output configuration:
 #0: stdout all=warning uptime,level,tags
 #1: stderr all=off uptime,level,tags

Environment Variables:
PATH=C:\Program Files (x86)\Common Files\Oracle\Java\java8path;C:\Program Files (x86)\Common Files\Oracle\Java\javapath;C:\Python312\Scripts\;C:\Python312\;C:\SDK\VulkanSDK\1.3.261.1\Bin;D:\ImageMagick-7.1.1-Q16-HDRI;C:\Python311\Scripts\;C:\Python311\;C:\WINDOWS\system32;C:\WINDOWS;C:\WINDOWS\System32\Wbem;C:\WINDOWS\System32\WindowsPowerShell\v1.0\;C:\WINDOWS\System32\OpenSSH\;C:\Program Files (x86)\NVIDIA Corporation\PhysX\Common;C:\Program Files\Git\cmd;C:\ProgramData\chocolatey\bin;C:\Program Files\dotnet\;C:\Program Files\gs\gs10.00.0\bin;C:\PostgreSQL\bin;c:\altera\91\quartus\bin;C:\Program Files (x86)\Windows Kits\10\Windows Performance Toolkit\;C:\Program Files\Microsoft SQL Server\150\Tools\Binn\;C:\Program Files\Microsoft SQL Server\Client SDK\ODBC\170\Tools\Binn\;C:\Program Files\Docker\Docker\resources\bin;D:\Program Files\nodejs\;C:\Program Files\MySQL\MySQL Shell 8.0\bin\;D:\ImageMagick-7.1.1-Q16-HDRI;C:\Python311\Scripts\;C:\Python311\;C:\ProgramData\Oracle\Java\javapath;C:\WINDOWS\system32;C:\WINDOWS;C:\WINDOWS\System32\Wbem;C:\WINDOWS\System32\WindowsPowerShell\v1.0\;C:\WINDOWS\System32\OpenSSH\;C:\Program Files\NVIDIA Corporation\NVIDIA NvDLISR;C:\Program Files (x86)\NVIDIA Corporation\PhysX\Common;C:\Program Files\Git\cmd;D:\Program Files\nodejs\;C:\ProgramData\chocolatey\bin;C:\Program Files\dotnet\;C:\Program Files\gs\gs10.00.0\bin;C:\PostgreSQL\bin;C:\Users\User\.cargo\bin;C:\Users\User\AppData\Local\Microsoft\WindowsApps;C:\Users\User\AppData\Local\Programs\Microsoft VS Code\bin;C:\Program Files\CMake\bin;C:\Users\User\AppData\Local\Programs\MiKTeX\miktex\bin\x64\;C:\vspkg\vcpkg;C:\Users\User\AppData\Local\Coursier\data\bin;C:\Users\User\.dotnet\tools;C:\Users\User\AppData\Roaming\npm;D:\Program Files\JetBrains\IntelliJ IDEA Community Edition 2024.1\bin;
USERNAME=User
OS=Windows_NT
PROCESSOR_IDENTIFIER=AMD64 Family 23 Model 96 Stepping 1, AuthenticAMD
TMP=C:\Users\User\AppData\Local\Temp
TEMP=C:\Users\User\AppData\Local\Temp



Periodic native trim disabled

JNI global refs:
JNI global refs: 30, weak refs: 0

JNI global refs memory usage: 843, weak refs: 841

OOME stack traces (most recent first):
Classloader memory used:
Loader bootstrap                                                                       : 1120K
Loader jdk.internal.loader.ClassLoaders$AppClassLoader                                 : 612K


---------------  S Y S T E M  ---------------

OS:
 Windows 10 , 64 bit Build 19041 (10.0.19041.3636)
OS uptime: 1 days 22:51 hours
Hyper-V role detected

CPU: total 16 (initial active 16) (16 cores per cpu, 2 threads per core) family 23 model 96 stepping 1 microcode 0x0, cx8, cmov, fxsr, ht, mmx, 3dnowpref, sse, sse2, sse3, ssse3, sse4a, sse4.1, sse4.2, popcnt, lzcnt, tsc, tscinvbit, avx, avx2, aes, clmul, bmi1, bmi2, adx, sha, fma, vzeroupper, clflush, clflushopt, hv
Processor Information for all 16 processors :
  Max Mhz: 2900, Current Mhz: 2900, Mhz Limit: 2900

Memory: 4k page, system-wide physical 15741M (2584M free)
TotalPageFile size 23684M (AvailPageFile size 3282M)
current process WorkingSet (physical memory assigned to process): 139M, peak: 140M
current process commit charge ("private bytes"): 456M, peak: 458M

vm_info: OpenJDK 64-Bit Server VM (17.0.10+0--11572160) for windows-amd64 JRE (17.0.10+0--11572160), built on Mar 13 2024 23:56:38 by "androidbuild" with MS VC++ 16.10 / 16.11 (VS2019)

END.
